TN:
SF:src/apis/user.ts
FN:12,getUserRole
FN:22,fetchUser
FNF:2
FNH:2
FNDA:5,getUserRole
FNDA:1,fetchUser
DA:1,1
DA:2,1
DA:3,1
DA:4,1
DA:5,1
DA:6,1
DA:7,1
DA:8,1
DA:9,1
DA:10,1
DA:11,1
DA:12,1
DA:13,5
DA:14,5
DA:15,1
DA:16,1
DA:17,1
DA:18,1
DA:19,1
DA:20,1
DA:21,1
DA:22,1
DA:23,1
DA:24,1
LF:24
LH:24
BRDA:12,0,0,5
BRDA:22,1,0,1
BRF:2
BRH:2
end_of_record
TN:
SF:src/components/Title.tsx
FN:28,Title
FNF:1
FNH:1
FNDA:2,Title
DA:1,1
DA:2,1
DA:3,1
DA:4,1
DA:5,1
DA:6,1
DA:7,1
DA:8,1
DA:9,1
DA:10,1
DA:11,1
DA:12,1
DA:13,1
DA:14,1
DA:15,1
DA:16,1
DA:17,1
DA:18,1
DA:19,1
DA:20,1
DA:21,1
DA:22,1
DA:23,1
DA:24,1
DA:25,1
DA:26,1
DA:27,1
DA:28,1
DA:29,2
DA:30,2
DA:31,2
DA:32,2
DA:33,2
DA:34,2
DA:35,2
DA:36,2
DA:37,2
DA:38,2
DA:39,2
DA:40,2
DA:41,2
DA:42,1
DA:43,1
LF:43
LH:43
BRDA:28,0,0,2
BRF:1
BRH:1
end_of_record
TN:
SF:src/components/AuthButton/index.tsx
FN:16,AuthButton
FN:22,getLoginState
FNF:2
FNH:2
FNDA:9,AuthButton
FNDA:5,getLoginState
DA:1,1
DA:2,1
DA:3,1
DA:4,1
DA:5,1
DA:6,1
DA:7,1
DA:8,1
DA:9,1
DA:10,1
DA:11,1
DA:12,1
DA:13,1
DA:14,1
DA:15,1
DA:16,1
DA:17,9
DA:18,9
DA:19,9
DA:20,9
DA:21,9
DA:22,9
DA:23,5
DA:24,4
DA:25,4
DA:26,9
DA:27,9
DA:28,5
DA:29,9
DA:30,9
DA:31,9
DA:32,9
DA:33,9
DA:34,9
DA:35,9
DA:36,9
DA:37,9
DA:38,1
DA:39,1
LF:39
LH:39
BRDA:16,0,0,9
BRDA:33,1,0,5
BRDA:22,2,0,5
BRDA:24,3,0,4
BRDA:27,4,0,5
BRF:5
BRH:5
end_of_record
TN:
SF:src/components/AuthButton/styles.module.less
FN:1,Object.<anonymous>
FNF:1
FNH:1
FNDA:3,Object.<anonymous>
DA:1,1
DA:2,1
DA:3,1
DA:4,1
LF:4
LH:4
BRDA:1,0,0,3
BRDA:1,1,0,3
BRF:2
BRH:2
end_of_record
TN:
SF:src/components/User/index.tsx
FN:8,User
FN:14,onClick
FNF:2
FNH:2
FNDA:3,User
FNDA:1,onClick
DA:1,1
DA:2,1
DA:3,1
DA:4,1
DA:5,1
DA:6,1
DA:7,1
DA:8,1
DA:9,3
DA:10,3
DA:11,3
DA:12,3
DA:13,3
DA:14,3
DA:15,1
DA:16,1
DA:17,1
DA:18,3
DA:19,3
DA:20,3
DA:21,3
DA:22,3
DA:23,3
DA:24,3
DA:25,3
DA:26,1
DA:27,1
DA:28,1
DA:29,1
DA:30,3
DA:31,2
DA:32,2
DA:33,3
DA:34,3
DA:35,3
DA:36,3
DA:37,3
DA:38,3
DA:39,3
DA:40,3
DA:41,1
DA:42,1
LF:42
LH:42
BRDA:8,0,0,3
BRDA:23,1,0,1
BRDA:25,2,0,1
BRDA:31,3,0,2
BRDA:14,4,0,1
BRF:5
BRH:5
end_of_record
TN:
SF:src/hooks/useCounter.ts
FN:11,getTargetValue
FN:23,useCounter
FN:33,setValue
FN:43,inc
FN:47,dec
FN:51,set
FN:55,reset
FNF:7
FNH:7
FNDA:29,getTargetValue
FNDA:27,useCounter
FNDA:15,setValue
FNDA:7,inc
FNDA:3,dec
FNDA:2,set
FNDA:3,reset
DA:1,1
DA:2,1
DA:3,1
DA:4,1
DA:5,1
DA:6,1
DA:7,1
DA:8,1
DA:9,1
DA:10,1
DA:11,29
DA:12,29
DA:13,29
DA:14,29
DA:15,1
DA:16,1
DA:17,29
DA:18,1
DA:19,1
DA:20,29
DA:21,29
DA:22,1
DA:23,27
DA:24,27
DA:25,27
DA:26,27
DA:27,14
DA:28,14
DA:29,14
DA:30,14
DA:31,14
DA:32,27
DA:33,27
DA:34,15
DA:35,15
DA:36,15
DA:37,15
DA:38,15
DA:39,15
DA:40,15
DA:41,15
DA:42,27
DA:43,27
DA:44,7
DA:45,7
DA:46,27
DA:47,27
DA:48,3
DA:49,3
DA:50,27
DA:51,27
DA:52,2
DA:53,2
DA:54,27
DA:55,27
DA:56,3
DA:57,3
DA:58,27
DA:59,27
DA:60,27
DA:61,27
DA:62,27
DA:63,27
DA:64,27
DA:65,27
DA:66,27
DA:67,27
DA:68,27
DA:69,1
DA:70,1
LF:70
LH:70
BRDA:11,0,0,29
BRDA:14,1,0,1
BRDA:17,2,0,1
BRDA:23,3,0,27
BRDA:26,4,0,14
BRDA:33,5,0,15
BRDA:34,6,0,15
BRDA:35,7,0,5
BRDA:35,8,0,10
BRDA:43,9,0,7
BRDA:44,10,0,7
BRDA:47,11,0,3
BRDA:48,12,0,3
BRDA:51,13,0,2
BRDA:55,14,0,3
BRF:15
BRH:15
end_of_record
TN:
SF:src/hooks/useQuery.ts
FN:6,useQuery
FNF:1
FNH:1
FNDA:2,useQuery
DA:1,1
DA:2,1
DA:3,1
DA:4,1
DA:5,1
DA:6,1
DA:7,2
DA:8,2
DA:9,2
DA:10,2
DA:11,1
DA:12,1
LF:12
LH:12
BRDA:6,0,0,2
BRDA:9,1,0,2
BRF:2
BRH:2
end_of_record
TN:
SF:src/store/index.ts
FN:17,useAppDispatch
FNF:1
FNH:1
FNDA:3,useAppDispatch
DA:1,1
DA:2,1
DA:3,1
DA:4,1
DA:5,1
DA:6,1
DA:7,1
DA:8,1
DA:9,1
DA:10,1
DA:11,1
DA:12,1
DA:13,1
DA:14,1
DA:15,1
DA:16,1
DA:17,1
DA:18,1
DA:19,1
DA:20,1
LF:20
LH:20
BRDA:17,0,0,3
BRF:1
BRH:1
end_of_record
TN:
SF:src/store/user/reducer.ts
FN:16,updateUserName
FN:20,extraReducers
FNF:2
FNH:2
FNDA:1,updateUserName
FNDA:2,extraReducers
DA:1,1
DA:2,1
DA:3,1
DA:4,1
DA:5,1
DA:6,1
DA:7,1
DA:8,1
DA:9,1
DA:10,1
DA:11,1
DA:12,1
DA:13,1
DA:14,1
DA:15,1
DA:16,1
DA:17,1
DA:18,1
DA:19,1
DA:20,1
DA:21,2
DA:22,1
DA:23,2
DA:24,2
DA:25,1
DA:26,1
DA:27,1
DA:28,2
DA:29,2
DA:30,0
DA:31,2
DA:32,2
DA:33,1
DA:34,1
DA:35,1
DA:36,1
DA:37,1
LF:37
LH:36
BRDA:16,0,0,1
BRDA:20,1,0,2
BRDA:21,2,0,1
BRDA:24,3,0,1
BRF:4
BRH:4
end_of_record
TN:
SF:src/store/user/selectors.ts
FN:4,selectUser
FN:14,selectUserFetchStatus
FNF:2
FNH:2
FNDA:4,selectUser
FNDA:4,selectUserFetchStatus
DA:1,1
DA:2,1
DA:3,1
DA:4,1
DA:5,4
DA:6,4
DA:7,4
DA:8,4
DA:9,4
DA:10,4
DA:11,4
DA:12,4
DA:13,1
DA:14,1
LF:14
LH:14
BRDA:4,0,0,4
BRDA:14,1,0,4
BRF:2
BRH:2
end_of_record
TN:
SF:src/store/user/thunks.ts
FNF:0
FNH:0
DA:1,1
DA:2,1
DA:3,1
DA:4,1
DA:5,1
DA:6,1
DA:7,1
DA:8,1
DA:9,1
DA:10,1
DA:11,1
LF:11
LH:11
BRDA:7,0,0,1
BRF:1
BRH:1
end_of_record
TN:
SF:src/utils/after1000ms.ts
FN:4,after1000ms
FNF:1
FNH:1
FNDA:1,after1000ms
DA:1,1
DA:2,1
DA:3,1
DA:4,1
DA:5,1
DA:6,1
DA:7,1
DA:8,1
DA:9,1
DA:10,1
DA:11,1
DA:12,1
LF:12
LH:12
BRDA:4,0,0,1
BRDA:6,1,0,1
BRF:2
BRH:2
end_of_record
TN:
SF:src/utils/getSearchObj.ts
FN:2,getSearchObj
FNF:1
FNH:1
FNDA:2,getSearchObj
DA:1,1
DA:2,1
DA:3,2
DA:4,2
DA:5,2
DA:6,2
DA:7,2
DA:8,2
DA:9,2
DA:10,2
DA:11,2
DA:12,2
DA:13,2
DA:14,2
DA:15,2
DA:16,3
DA:17,3
DA:18,3
DA:19,2
DA:20,2
DA:21,2
DA:22,2
DA:23,1
DA:24,1
LF:24
LH:24
BRDA:2,0,0,2
BRDA:15,1,0,3
BRF:2
BRH:2
end_of_record
TN:
SF:src/utils/objToSearchStr.ts
FN:1,objToSearchStr
FNF:1
FNH:1
FNDA:1,objToSearchStr
DA:1,1
DA:2,1
DA:3,1
DA:4,1
DA:5,1
DA:6,2
DA:7,2
DA:8,2
DA:9,1
DA:10,1
DA:11,1
DA:12,1
DA:13,1
DA:14,1
DA:15,1
LF:15
LH:15
BRDA:1,0,0,1
BRDA:5,1,0,2
BRF:2
BRH:2
end_of_record
TN:
SF:src/utils/sleep.ts
FN:2,sleep
FNF:1
FNH:1
FNDA:1,sleep
DA:1,1
DA:2,1
DA:3,1
DA:4,1
DA:5,1
DA:6,1
DA:7,1
DA:8,1
LF:8
LH:8
BRDA:2,0,0,1
BRDA:3,1,0,1
BRF:2
BRH:2
end_of_record
TN:
SF:src/utils/storage.ts
FN:4,set
FN:8,get
FNF:2
FNH:2
FNDA:1,set
FNDA:1,get
DA:1,1
DA:2,1
DA:3,1
DA:4,1
DA:5,1
DA:6,1
DA:7,1
DA:8,1
DA:9,1
DA:10,1
DA:11,1
DA:12,1
DA:13,1
DA:14,1
DA:15,1
DA:16,1
DA:17,1
LF:17
LH:17
BRDA:4,0,0,1
BRDA:8,1,0,1
BRF:2
BRH:2
end_of_record
TN:
SF:src/utils/sum.ts
FN:2,sum
FNF:1
FNH:1
FNDA:1,sum
DA:1,1
DA:2,1
DA:3,1
DA:4,1
DA:5,1
DA:6,1
LF:6
LH:6
BRDA:2,0,0,1
BRF:1
BRH:1
end_of_record
TN:
SF:tests/mockServer/handlers.ts
FNF:0
FNH:0
DA:1,1
DA:2,1
DA:3,1
DA:4,1
DA:5,1
DA:6,1
DA:7,1
DA:8,1
DA:9,1
DA:10,1
DA:11,1
DA:12,1
DA:13,1
DA:14,1
LF:14
LH:14
BRDA:4,0,0,1
BRF:1
BRH:1
end_of_record
TN:
SF:tests/mockServer/server.ts
FNF:0
FNH:0
DA:1,1
DA:2,1
DA:3,1
DA:4,1
DA:5,1
DA:6,1
LF:6
LH:6
BRF:0
BRH:0
end_of_record
TN:
SF:tests/testUtils/render.tsx
FN:13,render
FN:22,Wrapper
FNF:2
FNH:2
FNDA:1,render
FNDA:1,Wrapper
DA:1,1
DA:2,1
DA:3,1
DA:4,1
DA:5,1
DA:6,1
DA:7,1
DA:8,1
DA:9,1
DA:10,1
DA:11,1
DA:12,1
DA:13,1
DA:14,1
DA:15,1
DA:16,1
DA:17,1
DA:18,1
DA:19,1
DA:20,1
DA:21,1
DA:22,1
DA:23,1
DA:24,1
DA:25,1
DA:26,1
DA:27,1
DA:28,1
DA:29,1
DA:30,1
LF:30
LH:30
BRDA:13,0,0,1
BRDA:22,1,0,1
BRF:2
BRH:2
end_of_record
